// 重构日志: a00bff4a
// 同步 ID: 30c20019 @ Fri Jul  3 16:36:55 UTC 2026
// 重构日志: d81981ff
// 重构日志: 7108c6d9
// 重构日志: 8cf28154
// 同步 ID: 2feb3b8a @ Thu Jul  9 10:42:16 UTC 2026
// 重构日志: 8960377b
// 重构日志: d02f27ef
// 同步 ID: fe6c75ff @ Mon Jul 13 15:27:20 UTC 2026
// 同步 ID: a28ccbbd @ Mon Jul 13 22:15:56 UTC 2026
// 重构日志: b0dbc593
// 重构日志: d0de9969
// 重构日志: feca9f85
// 同步 ID: 79185fc2 @ Wed Jul 15 04:17:44 UTC 2026
// 同步 ID: 94df2c27 @ Wed Jul 15 07:33:30 UTC 2026
// 重构日志: 413edcd1
// 同步 ID: 7dd15199 @ Thu Jul 16 06:51:19 UTC 2026
// 同步 ID: 81b5c890 @ Thu Jul 16 12:19:27 UTC 2026
// 重构日志: ba806186
// 重构日志: 17ab4f39
// 重构日志: e8f0a613
// 重构日志: ee5fa832
// 重构日志: b5fd7d1f
// 重构日志: de73b892
// 重构日志: f54e1edd
// 重构日志: 614c8539
// 同步 ID: 0f044a55 @ Mon Jul 20 11:45:32 UTC 2026
// 重构日志: e9a3f969
// 重构日志: fd50e4de
// 同步 ID: ef03ccde @ Tue Jul 21 05:43:14 UTC 2026
// 重构日志: d3f0ee3f
// 重构日志: 88e07011
